{"level":"info","message":"Maximizing browser window","timestamp":"2018-02-20T13:55:53.746Z"}
{"level":"info","message":"I open https://www.epam.com/ url","timestamp":"2018-02-20T13:55:53.891Z"}
{"level":"info","message":"Text of Menu should contain MENU","timestamp":"2018-02-20T13:56:25.875Z"}
{"level":"info","message":"I click Menu","timestamp":"2018-02-20T13:56:25.877Z"}
{"level":"info","message":"Expanded Menu should be visible","timestamp":"2018-02-20T13:56:26.048Z"}
{"level":"info","message":"Count of Expanded Menu Sublists should be 3","timestamp":"2018-02-20T13:56:26.119Z"}
{"level":"info","message":"Text of Expanded Menu Row Titles should contain WHAT WE DO","timestamp":"2018-02-20T13:56:26.337Z"}
{"level":"info","message":"Count of Expanded Menu Row Titles should be 5","timestamp":"2018-02-20T13:56:26.361Z"}
{"level":"info","message":"Maximizing browser window","timestamp":"2018-02-20T13:58:56.620Z"}
{"level":"info","message":"I open https://www.epam.com/ url","timestamp":"2018-02-20T13:58:56.767Z"}
{"level":"info","message":"Text of Menu should contain MENU","timestamp":"2018-02-20T13:59:51.535Z"}
{"level":"info","message":"I click Menu","timestamp":"2018-02-20T13:59:51.537Z"}
{"level":"info","message":"Expanded Menu should be visible","timestamp":"2018-02-20T13:59:51.710Z"}
{"level":"info","message":"Count of Expanded Menu Sublists should be 3","timestamp":"2018-02-20T13:59:51.780Z"}
{"level":"info","message":"Text of Expanded Menu Row Titles should contain WHAT WE DO","timestamp":"2018-02-20T13:59:52.009Z"}
{"level":"info","message":"Count of Expanded Menu Row Titles should be 6","timestamp":"2018-02-20T13:59:52.038Z"}
{"level":"info","message":"I highlight Globus Icon","timestamp":"2018-02-20T13:59:52.040Z"}
{"level":"info","message":"I wait 10 seconds","timestamp":"2018-02-20T13:59:52.130Z"}
{"level":"info","message":"Maximizing browser window","timestamp":"2018-02-20T14:01:28.853Z"}
{"level":"info","message":"I open https://www.epam.com/ url","timestamp":"2018-02-20T14:01:29.003Z"}
{"level":"info","message":"Text of Menu should contain MENU","timestamp":"2018-02-20T14:02:12.749Z"}
{"level":"info","message":"I click Menu","timestamp":"2018-02-20T14:02:12.752Z"}
{"level":"info","message":"Expanded Menu should be visible","timestamp":"2018-02-20T14:02:12.926Z"}
{"level":"info","message":"Count of Expanded Menu Sublists should be 3","timestamp":"2018-02-20T14:02:13.001Z"}
{"level":"info","message":"Text of Expanded Menu Row Titles should contain WHAT WE DO","timestamp":"2018-02-20T14:02:13.231Z"}
{"level":"info","message":"Count of Expanded Menu Row Titles should be 6","timestamp":"2018-02-20T14:02:13.257Z"}
{"level":"info","message":"I highlight Globus Icon","timestamp":"2018-02-20T14:02:13.259Z"}
{"level":"info","message":"I wait 10 seconds","timestamp":"2018-02-20T14:02:13.351Z"}
